<?xml version="1.0" encoding="UTF-8"?>
<testsuite xmlns:xsi="http://www.w3.org/2001/XMLSchema-instance" xsi:noNamespaceSchemaLocation="https://maven.apache.org/surefire/maven-surefire-plugin/xsd/surefire-test-report.xsd" version="3.0.2" name="com.app.jobportal.JobportalApplicationTests" time="2.722" tests="1" errors="0" skipped="0" failures="0">
  <properties>
[...]
</properties>
  <testcase name="contextLoads" classname="com.app.jobportal.JobportalApplicationTests" time="0.674">
    <system-out><![CDATA[15:39:35.915 [main] INFO org.springframework.test.context.support.AnnotationConfigContextLoaderUtils -- Could not detect default configuration classes for test class [com.app.jobportal.JobportalApplicationTests]: JobportalApplicationTests does not declare any static, non-private, non-final, nested classes annotated with @Configuration.
15:39:36.024 [main] INFO org.springframework.boot.test.context.SpringBootTestContextBootstrapper -- Found @SpringBootConfiguration com.app.jobportal.JobportalApplication for test class com.app.jobportal.JobportalApplicationTests

  .   ____          _            __ _ _
 /\\ / ___'_ __ _ _(_)_ __  __ _ \ \ \ \
( ( )\___ | '_ | '_| | '_ \/ _` | \ \ \ \
 \\/  ___)| |_)| | | | | || (_| |  ) ) ) )
  '  |____| .__|_| |_|_| |_\__, | / / / /
 =========|_|==============|___/=/_/_/_/

 :: Spring Boot ::                (v4.0.0)

2025-12-08T15:39:36.417Z  INFO 2288 --- [jobportal] [           main] c.a.jobportal.JobportalApplicationTests  : Starting JobportalApplicationTests using Java 21.0.8 with PID 2288 (started by I43220 in C:\Users\i43220\OneDrive - Verisk Analytics\Documents\Training\Java\Spring\Exercise4\jobportal\jobportal)
2025-12-08T15:39:36.433Z  INFO 2288 --- [jobportal] [           main] c.a.jobportal.JobportalApplicationTests  : No active profile set, falling back to 1 default profile: "default"
2025-12-08T15:39:37.682Z  INFO 2288 --- [jobportal] [           main] c.a.jobportal.JobportalApplicationTests  : Started JobportalApplicationTests in 1.514 seconds (process running for 2.75)
]]></system-out>
    <system-err><![CDATA[Mockito is currently self-attaching to enable the inline-mock-maker. This will no longer work in future releases of the JDK. Please add Mockito as an agent to your build as described in Mockito's documentation: https://javadoc.io/doc/org.mockito/mockito-core/latest/org.mockito/org/mockito/Mockito.html#0.3
WARNING: A Java agent has been loaded dynamically (C:\Users\i43220\.m2\repository\net\bytebuddy\byte-buddy-agent\1.17.8\byte-buddy-agent-1.17.8.jar)
WARNING: If a serviceability tool is in use, please run with -XX:+EnableDynamicAgentLoading to hide this warning
WARNING: If a serviceability tool is not in use, please run with -Djdk.instrument.traceUsage for more information
WARNING: Dynamic loading of agents will be disallowed by default in a future release
]]></system-err>
  </testcase>
</testsuite>